<!DOCTYPE codename-engine-stage>
<stage zoom="6" name="test chamber" folder="stages/test-chamber/">
	<sprite name="bg" sprite="bg" antialiasing="false"/>
	<sprite name="fg" sprite="fg" antialiasing="false"/>
	<dad y="7" x="29"/>
	<boyfriend x="95" y="33"/>
</stage>