<!DOCTYPE codename-engine-stage>
<stage zoom="6" name="test chamber" folder="stages/test-chamber/">
	<sprite name="bg" sprite="bg" antialiasing="false"/>
	<sprite name="fg" sprite="fg" antialiasing="false"/>
	<dad y="33" x="34"/>
	<boyfriend x="93" y="31"/>
</stage>